The following modules were not unloaded:
  (Use "module --force purge" to unload all):

  1) CCconfig         4) imkl/2020.1.217    7) libfabric/1.10.1
  2) gentoo/2020      5) intel/2020.1.217   8) openmpi/4.0.3
  3) gcccore/.9.3.0   6) ucx/1.8.0          9) StdEnv/2020

Lmod is automatically replacing "intel/2020.1.217" with "gcc/9.3.0".


Due to MODULEPATH changes, the following have been reloaded:
  1) libfabric/1.10.1     2) openmpi/4.0.3     3) ucx/1.8.0

The environment has already been set by the module.
Not making any changes.
The environment has already been set by the module.
Not making any changes.
-I: Adding /cvmfs/restricted.computecanada.ca/easybuild/software/2020/avx2/MPI/gcc9/cuda11.4/openmpi4/amber/20.12-20.15/dat/leap/prep to search path.
-I: Adding /cvmfs/restricted.computecanada.ca/easybuild/software/2020/avx2/MPI/gcc9/cuda11.4/openmpi4/amber/20.12-20.15/dat/leap/lib to search path.
-I: Adding /cvmfs/restricted.computecanada.ca/easybuild/software/2020/avx2/MPI/gcc9/cuda11.4/openmpi4/amber/20.12-20.15/dat/leap/parm to search path.
-I: Adding /cvmfs/restricted.computecanada.ca/easybuild/software/2020/avx2/MPI/gcc9/cuda11.4/openmpi4/amber/20.12-20.15/dat/leap/cmd to search path.
-f: Source PPO.in.

Welcome to LEaP!
(no leaprc in search path)
Sourcing: ./PPO.in
----- Source: /cvmfs/restricted.computecanada.ca/easybuild/software/2020/avx2/MPI/gcc9/cuda11.4/openmpi4/amber/20.12-20.15/dat/leap/cmd/leaprc.gaff
----- Source of /cvmfs/restricted.computecanada.ca/easybuild/software/2020/avx2/MPI/gcc9/cuda11.4/openmpi4/amber/20.12-20.15/dat/leap/cmd/leaprc.gaff done
Log file: ./leap.log
Loading parameters: /cvmfs/restricted.computecanada.ca/easybuild/software/2020/avx2/MPI/gcc9/cuda11.4/openmpi4/amber/20.12-20.15/dat/leap/parm/gaff.dat
Reading title:
AMBER General Force Field for organic molecules (Version 1.81, May 2017)
Loading Mol2 file: ../ligand_files/PPO.mol2
Reading MOLECULE named PPO
Loading parameters: ../ligand_files/PPO.frcmod
Reading force field modification type file (frcmod)
Reading title:
Remark line goes here
Building topology.
Building atom parameters.
	Quit

Exiting LEaP: Errors = 0; Warnings = 0; Notes = 0.
-I: Adding /cvmfs/restricted.computecanada.ca/easybuild/software/2020/avx2/MPI/gcc9/cuda11.4/openmpi4/amber/20.12-20.15/dat/leap/prep to search path.
-I: Adding /cvmfs/restricted.computecanada.ca/easybuild/software/2020/avx2/MPI/gcc9/cuda11.4/openmpi4/amber/20.12-20.15/dat/leap/lib to search path.
-I: Adding /cvmfs/restricted.computecanada.ca/easybuild/software/2020/avx2/MPI/gcc9/cuda11.4/openmpi4/amber/20.12-20.15/dat/leap/parm to search path.
-I: Adding /cvmfs/restricted.computecanada.ca/easybuild/software/2020/avx2/MPI/gcc9/cuda11.4/openmpi4/amber/20.12-20.15/dat/leap/cmd to search path.
-f: Source CMB.in.

Welcome to LEaP!
(no leaprc in search path)
Sourcing: ./CMB.in
----- Source: /cvmfs/restricted.computecanada.ca/easybuild/software/2020/avx2/MPI/gcc9/cuda11.4/openmpi4/amber/20.12-20.15/dat/leap/cmd/leaprc.gaff
----- Source of /cvmfs/restricted.computecanada.ca/easybuild/software/2020/avx2/MPI/gcc9/cuda11.4/openmpi4/amber/20.12-20.15/dat/leap/cmd/leaprc.gaff done
Log file: ./leap.log
Loading parameters: /cvmfs/restricted.computecanada.ca/easybuild/software/2020/avx2/MPI/gcc9/cuda11.4/openmpi4/amber/20.12-20.15/dat/leap/parm/gaff.dat
Reading title:
AMBER General Force Field for organic molecules (Version 1.81, May 2017)
Loading Mol2 file: ../ligand_files/CMB.mol2
Reading MOLECULE named cmbrn15
Loading parameters: ../ligand_files/CMB.frcmod
Reading force field modification type file (frcmod)
Reading title:
Remark line goes here
@/tmp/ebuser/avx2/Amber/20.12-20.15/gofbc-2020.1.403.114/AmberTools/src/leap/src/leap/database.c 501|Nonunique entry in database: entry.CMB.unit.name found
@/tmp/ebuser/avx2/Amber/20.12-20.15/gofbc-2020.1.403.114/AmberTools/src/leap/src/leap/database.c 501|Nonunique entry in database: entry.CMB.unit.childsequence found
@/tmp/ebuser/avx2/Amber/20.12-20.15/gofbc-2020.1.403.114/AmberTools/src/leap/src/leap/database.c 501|Nonunique entry in database: entry.CMB.unit.atoms found
@/tmp/ebuser/avx2/Amber/20.12-20.15/gofbc-2020.1.403.114/AmberTools/src/leap/src/leap/database.c 501|Nonunique entry in database: entry.CMB.unit.atomspertinfo found
@/tmp/ebuser/avx2/Amber/20.12-20.15/gofbc-2020.1.403.114/AmberTools/src/leap/src/leap/database.c 501|Nonunique entry in database: entry.CMB.unit.positions found
@/tmp/ebuser/avx2/Amber/20.12-20.15/gofbc-2020.1.403.114/AmberTools/src/leap/src/leap/database.c 501|Nonunique entry in database: entry.CMB.unit.velocities found
@/tmp/ebuser/avx2/Amber/20.12-20.15/gofbc-2020.1.403.114/AmberTools/src/leap/src/leap/database.c 501|Nonunique entry in database: entry.CMB.unit.boundbox found
@/tmp/ebuser/avx2/Amber/20.12-20.15/gofbc-2020.1.403.114/AmberTools/src/leap/src/leap/database.c 501|Nonunique entry in database: entry.CMB.unit.solventcap found
@/tmp/ebuser/avx2/Amber/20.12-20.15/gofbc-2020.1.403.114/AmberTools/src/leap/src/leap/database.c 501|Nonunique entry in database: entry.CMB.unit.connectivity found
@/tmp/ebuser/avx2/Amber/20.12-20.15/gofbc-2020.1.403.114/AmberTools/src/leap/src/leap/database.c 501|Nonunique entry in database: entry.CMB.unit.connect found
@/tmp/ebuser/avx2/Amber/20.12-20.15/gofbc-2020.1.403.114/AmberTools/src/leap/src/leap/database.c 501|Nonunique entry in database: entry.CMB.unit.residues found
@/tmp/ebuser/avx2/Amber/20.12-20.15/gofbc-2020.1.403.114/AmberTools/src/leap/src/leap/database.c 501|Nonunique entry in database: entry.CMB.unit.connect found
@/tmp/ebuser/avx2/Amber/20.12-20.15/gofbc-2020.1.403.114/AmberTools/src/leap/src/leap/database.c 501|Nonunique entry in database: entry.CMB.unit.residuesPdbSequenceNumber found
@/tmp/ebuser/avx2/Amber/20.12-20.15/gofbc-2020.1.403.114/AmberTools/src/leap/src/leap/database.c 501|Nonunique entry in database: entry.CMB.unit.residueconnect found
@/tmp/ebuser/avx2/Amber/20.12-20.15/gofbc-2020.1.403.114/AmberTools/src/leap/src/leap/database.c 501|Nonunique entry in database: entry.CMB.unit.hierarchy found
Building topology.
Building atom parameters.
	Quit

Exiting LEaP: Errors = 0; Warnings = 0; Notes = 0.
-I: Adding /cvmfs/restricted.computecanada.ca/easybuild/software/2020/avx2/MPI/gcc9/cuda11.4/openmpi4/amber/20.12-20.15/dat/leap/prep to search path.
-I: Adding /cvmfs/restricted.computecanada.ca/easybuild/software/2020/avx2/MPI/gcc9/cuda11.4/openmpi4/amber/20.12-20.15/dat/leap/lib to search path.
-I: Adding /cvmfs/restricted.computecanada.ca/easybuild/software/2020/avx2/MPI/gcc9/cuda11.4/openmpi4/amber/20.12-20.15/dat/leap/parm to search path.
-I: Adding /cvmfs/restricted.computecanada.ca/easybuild/software/2020/avx2/MPI/gcc9/cuda11.4/openmpi4/amber/20.12-20.15/dat/leap/cmd to search path.
-f: Source complex.in.

Welcome to LEaP!
(no leaprc in search path)
Sourcing: ./complex.in
----- Source: /cvmfs/restricted.computecanada.ca/easybuild/software/2020/avx2/MPI/gcc9/cuda11.4/openmpi4/amber/20.12-20.15/dat/leap/cmd/leaprc.protein.ff14SB
----- Source of /cvmfs/restricted.computecanada.ca/easybuild/software/2020/avx2/MPI/gcc9/cuda11.4/openmpi4/amber/20.12-20.15/dat/leap/cmd/leaprc.protein.ff14SB done
Log file: ./leap.log
Loading parameters: /cvmfs/restricted.computecanada.ca/easybuild/software/2020/avx2/MPI/gcc9/cuda11.4/openmpi4/amber/20.12-20.15/dat/leap/parm/parm10.dat
Reading title:
PARM99 + frcmod.ff99SB + frcmod.parmbsc0 + OL3 for RNA
Loading parameters: /cvmfs/restricted.computecanada.ca/easybuild/software/2020/avx2/MPI/gcc9/cuda11.4/openmpi4/amber/20.12-20.15/dat/leap/parm/frcmod.ff14SB
Reading force field modification type file (frcmod)
Reading title:
ff14SB protein backbone and sidechain parameters
Loading library: /cvmfs/restricted.computecanada.ca/easybuild/software/2020/avx2/MPI/gcc9/cuda11.4/openmpi4/amber/20.12-20.15/dat/leap/lib/amino12.lib
Loading library: /cvmfs/restricted.computecanada.ca/easybuild/software/2020/avx2/MPI/gcc9/cuda11.4/openmpi4/amber/20.12-20.15/dat/leap/lib/aminoct12.lib
Loading library: /cvmfs/restricted.computecanada.ca/easybuild/software/2020/avx2/MPI/gcc9/cuda11.4/openmpi4/amber/20.12-20.15/dat/leap/lib/aminont12.lib
----- Source: /cvmfs/restricted.computecanada.ca/easybuild/software/2020/avx2/MPI/gcc9/cuda11.4/openmpi4/amber/20.12-20.15/dat/leap/cmd/leaprc.gaff
----- Source of /cvmfs/restricted.computecanada.ca/easybuild/software/2020/avx2/MPI/gcc9/cuda11.4/openmpi4/amber/20.12-20.15/dat/leap/cmd/leaprc.gaff done
Log file: ./leap.log
Loading parameters: /cvmfs/restricted.computecanada.ca/easybuild/software/2020/avx2/MPI/gcc9/cuda11.4/openmpi4/amber/20.12-20.15/dat/leap/parm/gaff.dat
Reading title:
AMBER General Force Field for organic molecules (Version 1.81, May 2017)
----- Source: /cvmfs/restricted.computecanada.ca/easybuild/software/2020/avx2/MPI/gcc9/cuda11.4/openmpi4/amber/20.12-20.15/dat/leap/cmd/leaprc.water.tip3p
----- Source of /cvmfs/restricted.computecanada.ca/easybuild/software/2020/avx2/MPI/gcc9/cuda11.4/openmpi4/amber/20.12-20.15/dat/leap/cmd/leaprc.water.tip3p done
Loading library: /cvmfs/restricted.computecanada.ca/easybuild/software/2020/avx2/MPI/gcc9/cuda11.4/openmpi4/amber/20.12-20.15/dat/leap/lib/atomic_ions.lib
Loading library: /cvmfs/restricted.computecanada.ca/easybuild/software/2020/avx2/MPI/gcc9/cuda11.4/openmpi4/amber/20.12-20.15/dat/leap/lib/solvents.lib
Loading parameters: /cvmfs/restricted.computecanada.ca/easybuild/software/2020/avx2/MPI/gcc9/cuda11.4/openmpi4/amber/20.12-20.15/dat/leap/parm/frcmod.tip3p
Reading force field modification type file (frcmod)
Reading title:
This is the additional/replacement parameter set for TIP3P water
Loading parameters: /cvmfs/restricted.computecanada.ca/easybuild/software/2020/avx2/MPI/gcc9/cuda11.4/openmpi4/amber/20.12-20.15/dat/leap/parm/frcmod.ions1lm_126_tip3p
Reading force field modification type file (frcmod)
Reading title:
Li/Merz ion parameters of monovalent ions for TIP3P water model (12-6 normal usage set)
Loading parameters: /cvmfs/restricted.computecanada.ca/easybuild/software/2020/avx2/MPI/gcc9/cuda11.4/openmpi4/amber/20.12-20.15/dat/leap/parm/frcmod.ionsjc_tip3p
Reading force field modification type file (frcmod)
Reading title:
Monovalent ion parameters for Ewald and TIP3P water from Joung & Cheatham JPCB (2008)
Loading parameters: /cvmfs/restricted.computecanada.ca/easybuild/software/2020/avx2/MPI/gcc9/cuda11.4/openmpi4/amber/20.12-20.15/dat/leap/parm/frcmod.ions234lm_126_tip3p
Reading force field modification type file (frcmod)
Reading title:
Li/Merz ion parameters of divalent to tetravalent ions for TIP3P water model (12-6 normal usage set)
Loading parameters: ../ligand_files/PPO.frcmod
Reading force field modification type file (frcmod)
Reading title:
Remark line goes here
Loading parameters: ../ligand_files/CMB.frcmod
Reading force field modification type file (frcmod)
Reading title:
Remark line goes here
Loading library: ../ligand_files/PPO.lib
Loading library: ../ligand_files/CMB.lib
Loading PDB file: ../TXS-cmbrn15_start.pdb
 (starting new molecule for chain A)
  total atoms in file: 12609
Adding 22 counter ions to "complex" using 1A grid
Grid extends from solute vdw + 3.89  to  9.99
Resolution:      1.00 Angstrom.
 (no solvent present)
Calculating grid charges
Placed Na+ in complex at (56.02, 12.08, 87.07).
Placed Na+ in complex at (60.02, 35.08, 58.07).
Placed Na+ in complex at (68.02, -9.92, 72.07).
Placed Na+ in complex at (25.02, 50.08, 59.07).
Placed Na+ in complex at (68.02, 7.08, 79.07).
Placed Na+ in complex at (34.02, 19.08, 92.07).
Placed Na+ in complex at (54.02, 49.08, 73.07).
Placed Na+ in complex at (45.02, 1.08, 34.07).
Placed Na+ in complex at (41.02, 75.08, 45.07).
Placed Na+ in complex at (60.02, 72.08, 37.07).
Placed Na+ in complex at (32.02, 1.08, 102.07).
Placed Na+ in complex at (57.02, 32.08, 66.07).
Placed Na+ in complex at (24.02, -14.92, 67.07).
Placed Na+ in complex at (12.02, 45.08, 46.07).
Placed Na+ in complex at (63.02, -2.92, 65.07).
Placed Na+ in complex at (44.02, -27.92, 83.07).
Placed Na+ in complex at (59.02, 11.08, 33.07).
Placed Na+ in complex at (17.02, 25.08, 74.07).
Placed Na+ in complex at (38.02, -5.92, 58.07).
Placed Na+ in complex at (44.02, 38.08, 70.07).
Placed Na+ in complex at (54.02, 55.08, 26.07).
Placed Na+ in complex at (47.02, -3.92, 102.07).

Done adding ions.
Scaling up box by a factor of 1.135823 to meet diagonal cut criterion
  Solute vdw bounding box:              58.559 117.970 72.288
  Total bounding box for atom centers:  140.687 140.687 140.687
      (box expansion for 'iso' is 156.3%)
  Solvent unit box:                     18.774 18.774 18.774
  Volume: 1422188.283 A^3 (oct)
  Total mass 793113.429 amu,  Density 0.926 g/cc
  Added 38971 residues.
Adding 256 counter ions to "complex". 38715 solvent molecules will remain.
0: Placed Na+ in complex at (-46.03, 35.00, 29.82).
Placed Cl- in complex at (-37.89, 22.58, -35.20).
0: Placed Na+ in complex at (15.55, 41.42, 6.75).
Placed Cl- in complex at (-38.85, -29.81, 14.80).
0: Placed Na+ in complex at (10.11, 20.29, -42.91).
Placed Cl- in complex at (58.41, 31.31, -30.84).
0: Placed Na+ in complex at (27.15, 22.58, 17.90).
Placed Cl- in complex at (-8.43, -24.46, 26.96).
0: Placed Na+ in complex at (24.22, -20.53, 49.12).
Placed Cl- in complex at (-11.53, -23.41, 38.24).
0: Placed Na+ in complex at (0.32, 19.36, -47.51).
Placed Cl- in complex at (29.50, -13.66, -64.94).
0: Placed Na+ in complex at (-14.10, 39.70, -40.90).
Placed Cl- in complex at (-2.38, 2.91, 69.73).
0: Placed Na+ in complex at (13.28, -33.73, 33.80).
Placed Cl- in complex at (-50.43, -9.39, 45.16).
0: Placed Na+ in complex at (56.40, 44.66, 18.81).
Placed Cl- in complex at (-39.61, -41.49, 6.84).
0: Placed Na+ in complex at (-14.26, 37.64, -48.83).
Placed Cl- in complex at (38.17, -24.28, -31.77).
0: Placed Na+ in complex at (22.67, -55.74, -1.34).
Placed Cl- in complex at (28.73, 7.50, 43.24).
0: Placed Na+ in complex at (-2.57, -35.80, 5.86).
Placed Cl- in complex at (-18.51, 22.12, -61.93).
0: Placed Na+ in complex at (49.01, -8.95, -31.77).
Placed Cl- in complex at (-49.72, 7.93, 22.62).
0: Placed Na+ in complex at (22.69, 38.14, 12.36).
Placed Cl- in complex at (-33.40, 3.60, 51.47).
0: Placed Na+ in complex at (-7.24, -13.38, 40.35).
Placed Cl- in complex at (-10.34, -41.71, 29.26).
0: Placed Na+ in complex at (15.07, 21.56, -40.95).
Placed Cl- in complex at (-7.09, 27.49, -6.44).
0: Placed Na+ in complex at (26.00, -0.48, -14.71).
Placed Cl- in complex at (4.78, -40.96, -47.46).
0: Placed Na+ in complex at (-23.93, 30.45, -51.89).
Placed Cl- in complex at (21.22, 21.05, 21.18).
0: Placed Na+ in complex at (-48.46, -43.35, 10.15).
Placed Cl- in complex at (-19.42, -59.56, 20.26).
0: Placed Na+ in complex at (52.86, -35.93, 23.58).
Placed Cl- in complex at (-60.09, 40.38, 12.63).
0: Placed Na+ in complex at (-37.50, -9.08, -51.13).
Placed Cl- in complex at (-53.29, -36.11, 26.82).
0: Placed Na+ in complex at (10.24, 3.44, 56.14).
Placed Cl- in complex at (59.16, 25.99, -1.67).
0: Placed Na+ in complex at (-27.81, 26.09, -19.80).
Placed Cl- in complex at (54.38, -17.78, -26.39).
0: Placed Na+ in complex at (-29.92, -11.65, 6.05).
Placed Cl- in complex at (-28.19, -31.14, -41.26).
0: Placed Na+ in complex at (-28.99, -14.27, -23.91).
Placed Cl- in complex at (3.56, 47.17, 44.04).
0: Placed Na+ in complex at (8.76, 55.91, 20.10).
Placed Cl- in complex at (-46.07, -23.99, -21.50).
0: Placed Na+ in complex at (5.86, -16.75, -64.41).
Placed Cl- in complex at (57.29, 36.84, -22.80).
0: Placed Na+ in complex at (-35.77, 51.45, -30.15).
Placed Cl- in complex at (10.11, -2.70, 23.47).
0: Placed Na+ in complex at (-44.75, -42.96, -17.26).
Placed Cl- in complex at (32.64, -11.78, 40.55).
0: Placed Na+ in complex at (-54.61, -6.51, 36.95).
Placed Cl- in complex at (-14.44, -31.61, 14.50).
0: Placed Na+ in complex at (28.83, -45.07, 44.55).
Placed Cl- in complex at (-32.75, 45.63, 13.26).
0: Placed Na+ in complex at (57.72, 16.39, -23.91).
Placed Cl- in complex at (7.07, -21.66, 62.46).
0: Placed Na+ in complex at (49.80, 29.11, -4.41).
Placed Cl- in complex at (-27.11, 38.91, -42.86).
0: Placed Na+ in complex at (-5.88, 25.99, -54.77).
Placed Cl- in complex at (-21.60, -16.87, -15.89).
0: Placed Na+ in complex at (56.37, 35.51, 9.91).
Placed Cl- in complex at (-45.09, -50.64, 8.58).
0: Placed Na+ in complex at (-50.97, -32.22, 1.19).
Placed Cl- in complex at (16.45, -13.26, -72.99).
0: Placed Na+ in complex at (-19.27, 52.19, 26.96).
Placed Cl- in complex at (11.83, -2.09, 65.03).
0: Placed Na+ in complex at (-10.08, 17.68, -33.71).
Placed Cl- in complex at (-2.25, -30.87, -51.89).
0: Placed Na+ in complex at (-25.52, -31.84, -40.92).
Placed Cl- in complex at (60.28, -41.98, 19.58).
0: Placed Na+ in complex at (-38.88, -45.73, -17.20).
Placed Cl- in complex at (-26.30, 8.27, 44.10).
0: Placed Na+ in complex at (-49.04, 22.87, -16.89).
Placed Cl- in complex at (-29.86, 39.09, -43.66).
0: Placed Na+ in complex at (1.67, 25.42, -50.85).
Placed Cl- in complex at (-52.53, 17.75, 15.52).
0: Placed Na+ in complex at (4.81, -55.83, -5.27).
Placed Cl- in complex at (-43.22, 11.47, 30.75).
0: Placed Na+ in complex at (22.59, 48.20, 13.54).
Placed Cl- in complex at (43.48, -19.44, 27.28).
0: Placed Na+ in complex at (-19.66, -48.72, 35.58).
Placed Cl- in complex at (23.62, 2.87, -36.34).
0: Placed Na+ in complex at (33.51, 51.57, -27.90).
Placed Cl- in complex at (-4.36, -33.55, 12.57).
0: Placed Na+ in complex at (23.34, -12.91, 42.08).
Placed Cl- in complex at (10.22, -36.93, -8.74).
0: Placed Na+ in complex at (27.42, 40.96, -29.67).
Placed Cl- in complex at (-27.58, -52.81, 6.10).
0: Placed Na+ in complex at (-1.95, -3.50, 55.44).
Placed Cl- in complex at (1.88, 26.77, -46.84).
0: Placed Na+ in complex at (42.16, 3.09, 26.52).
Placed Cl- in complex at (12.26, -17.00, 49.93).
0: Placed Na+ in complex at (10.33, 35.34, -32.73).
Placed Cl- in complex at (-20.92, 25.35, -46.98).
0: Placed Na+ in complex at (33.61, 1.36, 37.43).
Placed Cl- in complex at (-5.89, 2.06, -53.75).
0: Placed Na+ in complex at (-38.42, 23.83, 6.10).
Placed Cl- in complex at (-57.62, 29.12, 22.34).
0: Placed Na+ in complex at (23.94, 1.76, 20.26).
Placed Cl- in complex at (37.32, 48.56, 4.66).
0: Placed Na+ in complex at (-54.21, 2.01, 5.61).
Placed Cl- in complex at (2.69, 64.16, -25.37).
0: Placed Na+ in complex at (55.19, 13.24, -14.62).
Placed Cl- in complex at (-31.10, -32.32, -3.17).
0: Placed Na+ in complex at (9.86, 49.15, -15.50).
Placed Cl- in complex at (35.99, 30.21, 37.55).
0: Placed Na+ in complex at (27.39, -13.82, 10.11).
Placed Cl- in complex at (12.86, -48.72, -44.07).
0: Placed Na+ in complex at (23.93, -43.91, 6.59).
Placed Cl- in complex at (2.69, 34.03, 9.28).
0: Placed Na+ in complex at (-57.12, 4.54, 33.42).
Placed Cl- in complex at (-10.76, -41.42, -30.01).
0: Placed Na+ in complex at (-38.41, 48.05, -27.20).
Placed Cl- in complex at (-2.56, -54.47, -1.67).
0: Placed Na+ in complex at (-45.56, -1.79, 42.30).
Placed Cl- in complex at (53.74, 44.04, 7.91).
0: Placed Na+ in complex at (43.13, -29.71, -8.59).
Placed Cl- in complex at (-37.97, 40.82, 3.39).
0: Placed Na+ in complex at (25.44, 5.94, 18.61).
Placed Cl- in complex at (13.10, 48.08, -14.59).
0: Placed Na+ in complex at (-3.84, -36.32, 20.45).
Placed Cl- in complex at (9.59, -1.80, -58.66).
0: Placed Na+ in complex at (28.92, -39.28, -25.32).
Placed Cl- in complex at (33.06, -46.51, 32.27).
0: Placed Na+ in complex at (13.65, 16.36, -24.51).
Placed Cl- in complex at (-2.25, -52.34, 26.61).
0: Placed Na+ in complex at (46.92, 16.51, 17.49).
Placed Cl- in complex at (-36.29, -36.99, -17.19).
0: Placed Na+ in complex at (-33.91, 41.35, 22.56).
Placed Cl- in complex at (45.84, -5.32, 36.55).
0: Placed Na+ in complex at (-26.08, 36.77, -44.24).
Placed Cl- in complex at (5.16, -38.45, 36.21).
0: Placed Na+ in complex at (34.77, -51.58, -33.24).
Placed Cl- in complex at (-12.17, 1.35, -63.40).
0: Placed Na+ in complex at (59.58, 17.82, 16.66).
Placed Cl- in complex at (10.92, -10.76, 49.64).
0: Placed Na+ in complex at (24.97, -53.54, -31.59).
Placed Cl- in complex at (-44.99, -8.20, 39.74).
0: Placed Na+ in complex at (33.43, -51.44, -26.28).
Placed Cl- in complex at (14.17, 27.16, 29.25).
0: Placed Na+ in complex at (49.40, 38.75, 6.21).
Placed Cl- in complex at (-23.98, 37.05, 33.44).
0: Placed Na+ in complex at (25.07, 28.89, 36.16).
Placed Cl- in complex at (-21.14, 37.80, -7.56).
0: Placed Na+ in complex at (-20.92, -20.64, 6.12).
Placed Cl- in complex at (29.26, -43.46, 22.86).
0: Placed Na+ in complex at (-11.44, -27.22, -23.51).
Placed Cl- in complex at (33.94, 49.38, 31.45).
0: Placed Na+ in complex at (10.38, -17.27, -45.19).
Placed Cl- in complex at (-0.88, 49.59, -1.63).
0: Placed Na+ in complex at (51.51, -10.73, 39.79).
Placed Cl- in complex at (-35.59, -50.24, -1.47).
0: Placed Na+ in complex at (58.41, -37.67, 8.99).
Placed Cl- in complex at (-4.97, 29.18, -40.90).
0: Placed Na+ in complex at (-53.87, -34.30, 18.87).
Placed Cl- in complex at (-0.62, 39.72, 17.81).
0: Placed Na+ in complex at (27.90, -7.06, 17.55).
Placed Cl- in complex at (44.61, 24.59, -16.14).
0: Placed Na+ in complex at (-60.04, -11.42, -18.82).
Placed Cl- in complex at (-38.24, 12.52, 57.30).
0: Placed Na+ in complex at (26.16, 23.25, -30.48).
Placed Cl- in complex at (19.30, 33.57, 16.63).
0: Placed Na+ in complex at (-29.67, 47.28, -46.87).
Placed Cl- in complex at (42.60, -27.63, -4.94).
0: Placed Na+ in complex at (8.59, 63.83, -18.88).
Placed Cl- in complex at (-0.23, -22.04, -48.41).
0: Placed Na+ in complex at (9.64, 26.09, -39.85).
Placed Cl- in complex at (-58.55, 27.76, -13.98).
0: Placed Na+ in complex at (56.18, -5.91, 2.50).
Placed Cl- in complex at (-2.25, -43.47, -18.88).
0: Placed Na+ in complex at (-13.91, 49.40, -41.30).
Placed Cl- in complex at (23.62, 48.85, 16.76).
0: Placed Na+ in complex at (-54.61, 16.48, -29.42).
Placed Cl- in complex at (37.30, -40.96, 32.19).
0: Placed Na+ in complex at (0.12, 7.57, -57.19).
Placed Cl- in complex at (10.60, 37.96, 26.54).
0: Placed Na+ in complex at (4.81, -32.83, 34.56).
Placed Cl- in complex at (-4.80, -37.89, 6.21).
0: Placed Na+ in complex at (31.51, 27.17, 45.49).
Placed Cl- in complex at (-55.53, -13.98, 16.26).
0: Placed Na+ in complex at (57.01, 31.69, 28.60).
Placed Cl- in complex at (13.69, -52.35, 19.51).
0: Placed Na+ in complex at (-56.27, -13.07, 6.83).
Placed Cl- in complex at (-10.76, -41.42, -3.46).
0: Placed Na+ in complex at (19.00, -56.72, -39.87).
Placed Cl- in complex at (-27.57, -51.59, -13.92).
0: Placed Na+ in complex at (13.04, 29.33, -7.74).
Placed Cl- in complex at (43.00, 5.50, -46.63).
0: Placed Na+ in complex at (-26.85, 47.44, -25.50).
Placed Cl- in complex at (-31.76, -12.98, 45.95).
0: Placed Na+ in complex at (30.55, 63.81, 22.84).
Placed Cl- in complex at (45.38, 43.25, 9.03).
0: Placed Na+ in complex at (-8.14, -48.53, 25.74).
Placed Cl- in complex at (19.60, 2.26, 59.93).
0: Placed Na+ in complex at (-12.68, -14.55, 28.34).
Placed Cl- in complex at (-44.09, 12.63, -29.63).
0: Placed Na+ in complex at (-54.61, -29.50, 23.68).
Placed Cl- in complex at (7.15, 39.24, 31.27).
0: Placed Na+ in complex at (-16.30, 25.49, -23.16).
Placed Cl- in complex at (37.32, 37.76, -12.92).
0: Placed Na+ in complex at (-14.09, 13.12, -69.97).
Placed Cl- in complex at (-22.52, 37.35, -50.40).
0: Placed Na+ in complex at (43.68, -32.26, -5.91).
Placed Cl- in complex at (-1.19, -47.89, 23.22).
0: Placed Na+ in complex at (16.29, 40.71, 2.57).
Placed Cl- in complex at (-19.27, -16.79, -39.42).
0: Placed Na+ in complex at (20.41, 61.86, 29.35).
Placed Cl- in complex at (-21.18, 34.93, -50.39).
0: Placed Na+ in complex at (23.93, 2.07, 59.69).
Placed Cl- in complex at (41.16, -40.12, 29.02).
0: Placed Na+ in complex at (-45.60, 1.32, -39.77).
Placed Cl- in complex at (3.33, 57.82, -23.85).
0: Placed Na+ in complex at (-0.04, -49.05, 4.39).
Placed Cl- in complex at (-38.58, -56.29, 5.64).
0: Placed Na+ in complex at (-43.74, 47.09, 19.03).
Placed Cl- in complex at (-22.87, 36.42, 36.49).
0: Placed Na+ in complex at (31.27, 5.87, 34.26).
Placed Cl- in complex at (12.57, -48.69, -26.08).
0: Placed Na+ in complex at (-23.31, -46.53, -0.09).
Placed Cl- in complex at (-27.50, 12.29, -37.78).
0: Placed Na+ in complex at (7.93, 62.54, 14.35).
Placed Cl- in complex at (46.05, -42.62, 35.84).
0: Placed Na+ in complex at (-9.64, -23.02, 3.39).
Placed Cl- in complex at (18.25, 67.44, -17.49).
0: Placed Na+ in complex at (2.12, -26.91, 24.49).
Placed Cl- in complex at (45.84, 17.67, -3.28).
0: Placed Na+ in complex at (25.07, -40.09, -30.22).
Placed Cl- in complex at (-54.24, -33.72, 4.39).
0: Placed Na+ in complex at (-25.52, 47.99, 7.17).
Placed Cl- in complex at (48.16, 30.10, 0.36).
0: Placed Na+ in complex at (-51.34, 16.63, 32.79).
Placed Cl- in complex at (-21.14, -8.19, 45.55).
0: Placed Na+ in complex at (-31.51, 30.48, 52.18).
Placed Cl- in complex at (-22.30, -36.93, -35.29).
0: Placed Na+ in complex at (21.17, 50.67, -6.18).
Placed Cl- in complex at (-0.36, 13.16, -59.91).
0: Placed Na+ in complex at (2.00, -54.04, -34.52).
Placed Cl- in complex at (49.72, 49.02, 21.80).
0: Placed Na+ in complex at (17.47, -25.93, -39.17).
Placed Cl- in complex at (7.84, -24.03, -6.97).
0: Placed Na+ in complex at (-32.88, -55.82, -20.08).
Placed Cl- in complex at (2.54, -28.19, -17.26).
0: Placed Na+ in complex at (38.88, -35.29, 35.07).
Placed Cl- in complex at (-54.71, -10.65, -6.18).
0: Placed Na+ in complex at (58.24, 34.83, -24.65).
Placed Cl- in complex at (4.94, 39.16, -47.00).
0: Placed Na+ in complex at (-18.83, -6.37, -33.59).
Placed Cl- in complex at (-54.82, -36.93, -8.74).
Checking Unit.
Building topology.
Building atom parameters.
Building bond parameters.
Building angle parameters.
Building proper torsion parameters.
Building improper torsion parameters.
 total 2628 improper torsions applied
Building H-Bond parameters.
Incorporating Non-Bonded adjustments.
Not Marking per-residue atom chain types.
Marking per-residue atom chain types.
  (Residues lacking connect0/connect1 - 
   these don't have chain types marked:

	res	total affected

	CMB	1
	CVAL	1
	NMET	1
	PPO	1
	WAT	38715
  )
 (no restraints)
	Quit

Exiting LEaP: Errors = 0; Warnings = 0; Notes = 0.
Error: Could not determine trajectory 'TXS-cmbrn15.inpcrd' format.
